<?xml version="1.0" encoding="UTF-8"?>
<!-- Generated by org.testng.reporters.JUnitReportReporter -->
<testsuite skipped="0" hostname="DESKTOP-I6IV4IR" name="sampleprojectMaven.Realp" tests="1" failures="0" timestamp="16 Jul 2020 13:23:13 GMT" time="31.940" errors="0">
  <testcase name="tc2" time="31.940" classname="sampleprojectMaven.Realp"/>
</testsuite> <!-- sampleprojectMaven.Realp -->
